[2025-11-13 22:01:13] [INFO] Server starting - PID: 29213
[2025-11-13 22:01:13] [INFO] libsodium initialized successfully
[2025-11-13 22:01:13] [INFO] Database initialized successfully
[2025-11-13 22:01:13] [INFO] Initializing cache tree for: /home/ubuntu/http_server
[2025-11-13 22:01:13] [ERROR] Failed to initialize cache tree
[2025-11-13 22:01:50] [INFO] Server starting - PID: 29273
[2025-11-13 22:01:50] [INFO] libsodium initialized successfully
[2025-11-13 22:01:50] [INFO] Database initialized successfully
[2025-11-13 22:01:50] [INFO] Initializing cache tree for: /home/avilo/http_server
[2025-11-16 01:48:14] [INFO] Server starting - PID: 43299
[2025-11-16 01:48:14] [INFO] libsodium initialized successfully
[2025-11-16 01:48:14] [INFO] Database initialized successfully
[2025-11-16 01:48:14] [INFO] Initializing cache tree for: /home/avilo/http_server
[2026-03-08 12:32:57] [INFO] Server starting - PID: 44781
[2026-03-08 12:32:57] [INFO] libsodium initialized successfully
[2026-03-08 12:32:57] [INFO] Database initialized successfully
[2026-03-08 12:32:57] [INFO] Initializing cache tree for: /home/avilo/http_server
[2026-03-08 12:44:18] [INFO] Server starting - PID: 45087
[2026-03-08 12:44:18] [INFO] libsodium initialized successfully
[2026-03-08 12:44:18] [INFO] Database initialized successfully
[2026-03-08 12:44:18] [INFO] Initializing cache tree for: /home/avilo/http_server
[2026-03-08 12:44:18] [INFO] Server initialized successfully
[2026-03-08 12:49:48] [INFO] Server shutdown initiated
[2026-03-08 12:49:48] [INFO] Database closed
[2026-03-08 12:49:48] [INFO] Server shutdown complete
[2026-03-08 12:49:51] [INFO] Server starting - PID: 45353
[2026-03-08 12:49:51] [INFO] libsodium initialized successfully
[2026-03-08 12:49:51] [INFO] Database initialized successfully
[2026-03-08 12:49:51] [INFO] Initializing cache tree for: /home/avilo/http_server
[2026-03-08 12:49:51] [INFO] Server initialized successfully
[2026-03-08 12:49:58] [INFO] New HTTPS connection from 192.168.1.142:51872
[2026-03-08 12:49:58] [ERROR] SSL handshake failed
[2026-03-08 12:50:02] [INFO] New HTTPS connection from 192.168.1.142:62486
[2026-03-08 12:50:02] [ERROR] SSL handshake failed
[2026-03-08 12:50:02] [INFO] New HTTPS connection from 192.168.1.142:63640
[2026-03-08 12:50:02] [DEBUG] SSL handshake successful
[2026-03-08 12:50:02] [DEBUG] Received 652 bytes from client
[2026-03-08 12:50:02] [INFO] Request from 192.168.1.142:63640 - GET / HTTP/1.1
[2026-03-08 12:50:02] [DEBUG] === Client Request ===
[2026-03-08 12:50:02] [DEBUG] GET / HTTP/1.1
[2026-03-08 12:50:02] [DEBUG] Host: 192.168.1.2
[2026-03-08 12:50:02] [DEBUG] Connection: keep-alive
[2026-03-08 12:50:02] [DEBUG] ETag: 0
[2026-03-08 12:50:02] [DEBUG] Range: 0 (start=0, end=-1)
[2026-03-08 12:50:02] [DEBUG] SSL: 1
[2026-03-08 12:50:02] [DEBUG] =====================
[2026-03-08 12:50:02] [INFO] Resolved path: /home/avilo/http_server/webpages/landing.html
[2026-03-08 12:50:02] [INFO] Sent 1228 bytes (status 200)
[2026-03-08 12:50:02] [DEBUG] Received 589 bytes from client
[2026-03-08 12:50:02] [INFO] Request from 192.168.1.142:63640 - GET /favicon.ico HTTP/1.1
[2026-03-08 12:50:02] [DEBUG] === Client Request ===
[2026-03-08 12:50:02] [DEBUG] GET /favicon.ico HTTP/1.1
[2026-03-08 12:50:02] [DEBUG] Host: 192.168.1.2
[2026-03-08 12:50:02] [DEBUG] Connection: keep-alive
[2026-03-08 12:50:02] [DEBUG] ETag: 0
[2026-03-08 12:50:02] [DEBUG] Range: 0 (start=0, end=-1)
[2026-03-08 12:50:02] [DEBUG] SSL: 1
[2026-03-08 12:50:02] [DEBUG] =====================
[2026-03-08 12:50:02] [INFO] Resolved path: /home/avilo/http_server/webpages/favicon.ico
[2026-03-08 12:50:02] [INFO] Sent 545 bytes (status 200)
[2026-03-08 12:50:05] [DEBUG] Received 677 bytes from client
[2026-03-08 12:50:05] [INFO] Request from 192.168.1.142:63640 - GET /capybara.html HTTP/1.1
[2026-03-08 12:50:05] [DEBUG] === Client Request ===
[2026-03-08 12:50:05] [DEBUG] GET /capybara.html HTTP/1.1
[2026-03-08 12:50:05] [DEBUG] Host: 192.168.1.2
[2026-03-08 12:50:05] [DEBUG] Connection: keep-alive
[2026-03-08 12:50:05] [DEBUG] ETag: 0
[2026-03-08 12:50:05] [DEBUG] Range: 0 (start=0, end=-1)
[2026-03-08 12:50:05] [DEBUG] SSL: 1
[2026-03-08 12:50:05] [DEBUG] =====================
[2026-03-08 12:50:05] [INFO] Resolved path: /home/avilo/http_server/webpages/capybara.html
[2026-03-08 12:50:05] [INFO] Sent 1841 bytes (status 200)
[2026-03-08 12:50:06] [DEBUG] Received 589 bytes from client
[2026-03-08 12:50:06] [INFO] Request from 192.168.1.142:63640 - GET /favicon.ico HTTP/1.1
[2026-03-08 12:50:06] [DEBUG] === Client Request ===
[2026-03-08 12:50:06] [DEBUG] GET /favicon.ico HTTP/1.1
[2026-03-08 12:50:06] [DEBUG] Host: 192.168.1.2
[2026-03-08 12:50:06] [DEBUG] Connection: keep-alive
[2026-03-08 12:50:06] [DEBUG] ETag: 0
[2026-03-08 12:50:06] [DEBUG] Range: 0 (start=0, end=-1)
[2026-03-08 12:50:06] [DEBUG] SSL: 1
[2026-03-08 12:50:06] [DEBUG] =====================
[2026-03-08 12:50:06] [INFO] Resolved path: /home/avilo/http_server/webpages/favicon.ico
[2026-03-08 12:50:06] [INFO] Sent 545 bytes (status 200)
[2026-03-08 12:50:07] [DEBUG] Received 684 bytes from client
[2026-03-08 12:50:07] [INFO] Request from 192.168.1.142:63640 - GET /tictactoe/index.html HTTP/1.1
[2026-03-08 12:50:07] [DEBUG] === Client Request ===
[2026-03-08 12:50:07] [DEBUG] GET /tictactoe/index.html HTTP/1.1
[2026-03-08 12:50:07] [DEBUG] Host: 192.168.1.2
[2026-03-08 12:50:07] [DEBUG] Connection: keep-alive
[2026-03-08 12:50:07] [DEBUG] ETag: 0
[2026-03-08 12:50:07] [DEBUG] Range: 0 (start=0, end=-1)
[2026-03-08 12:50:07] [DEBUG] SSL: 1
[2026-03-08 12:50:07] [DEBUG] =====================
[2026-03-08 12:50:07] [INFO] Resolved path: /home/avilo/http_server/webpages/tictactoe/index.html
[2026-03-08 12:50:07] [INFO] Sent 2131 bytes (status 200)
[2026-03-08 12:50:07] [DEBUG] Received 571 bytes from client
[2026-03-08 12:50:07] [INFO] Request from 192.168.1.142:63640 - GET /tictactoe/bulma.css HTTP/1.1
[2026-03-08 12:50:07] [DEBUG] === Client Request ===
[2026-03-08 12:50:07] [DEBUG] GET /tictactoe/bulma.css HTTP/1.1
[2026-03-08 12:50:07] [DEBUG] Host: 192.168.1.2
[2026-03-08 12:50:07] [DEBUG] Connection: keep-alive
[2026-03-08 12:50:07] [DEBUG] ETag: 0
[2026-03-08 12:50:07] [DEBUG] Range: 0 (start=0, end=-1)
[2026-03-08 12:50:07] [DEBUG] SSL: 1
[2026-03-08 12:50:07] [DEBUG] =====================
[2026-03-08 12:50:07] [INFO] Resolved path: /home/avilo/http_server/webpages/tictactoe/bulma.css
[2026-03-08 12:50:07] [INFO] New HTTPS connection from 192.168.1.142:53827
[2026-03-08 12:50:07] [ERROR] SSL handshake failed
[2026-03-08 12:50:07] [INFO] New HTTPS connection from 192.168.1.142:56363
[2026-03-08 12:50:07] [ERROR] SSL handshake failed
[2026-03-08 12:50:07] [INFO] New HTTPS connection from 192.168.1.142:53935
[2026-03-08 12:50:07] [INFO] Sent 763188 bytes (status 200)
[2026-03-08 12:50:07] [DEBUG] SSL handshake successful
[2026-03-08 12:50:07] [INFO] New HTTPS connection from 192.168.1.142:61010
[2026-03-08 12:50:07] [DEBUG] Received 571 bytes from client
[2026-03-08 12:50:07] [INFO] Request from 192.168.1.142:53935 - GET /tictactoe/style.css HTTP/1.1
[2026-03-08 12:50:07] [DEBUG] === Client Request ===
[2026-03-08 12:50:07] [DEBUG] GET /tictactoe/style.css HTTP/1.1
[2026-03-08 12:50:07] [DEBUG] Host: 192.168.1.2
[2026-03-08 12:50:07] [DEBUG] Connection: keep-alive
[2026-03-08 12:50:07] [DEBUG] ETag: 0
[2026-03-08 12:50:07] [DEBUG] Range: 0 (start=0, end=-1)
[2026-03-08 12:50:07] [DEBUG] SSL: 1
[2026-03-08 12:50:07] [DEBUG] =====================
[2026-03-08 12:50:07] [INFO] Resolved path: /home/avilo/http_server/webpages/tictactoe/style.css
[2026-03-08 12:50:07] [INFO] Sent 1225 bytes (status 200)
[2026-03-08 12:50:07] [DEBUG] SSL handshake successful
[2026-03-08 12:50:07] [DEBUG] Received 560 bytes from client
[2026-03-08 12:50:07] [INFO] Request from 192.168.1.142:61010 - GET /tictactoe/tictactoe.js HTTP/1.1
[2026-03-08 12:50:07] [DEBUG] === Client Request ===
[2026-03-08 12:50:07] [DEBUG] GET /tictactoe/tictactoe.js HTTP/1.1
[2026-03-08 12:50:07] [DEBUG] Host: 192.168.1.2
[2026-03-08 12:50:07] [DEBUG] Connection: keep-alive
[2026-03-08 12:50:07] [DEBUG] ETag: 0
[2026-03-08 12:50:07] [DEBUG] Range: 0 (start=0, end=-1)
[2026-03-08 12:50:07] [DEBUG] SSL: 1
[2026-03-08 12:50:07] [DEBUG] =====================
[2026-03-08 12:50:07] [INFO] Resolved path: /home/avilo/http_server/webpages/tictactoe/tictactoe.js
[2026-03-08 12:50:07] [INFO] Sent 4392 bytes (status 200)
[2026-03-08 12:50:07] [DEBUG] Received 609 bytes from client
[2026-03-08 12:50:07] [INFO] Request from 192.168.1.142:61010 - GET /favicon.ico HTTP/1.1
[2026-03-08 12:50:07] [DEBUG] === Client Request ===
[2026-03-08 12:50:07] [DEBUG] GET /favicon.ico HTTP/1.1
[2026-03-08 12:50:07] [DEBUG] Host: 192.168.1.2
[2026-03-08 12:50:07] [DEBUG] Connection: keep-alive
[2026-03-08 12:50:07] [DEBUG] ETag: 0
[2026-03-08 12:50:07] [DEBUG] Range: 0 (start=0, end=-1)
[2026-03-08 12:50:07] [DEBUG] SSL: 1
[2026-03-08 12:50:07] [DEBUG] =====================
[2026-03-08 12:50:07] [INFO] Resolved path: /home/avilo/http_server/webpages/favicon.ico
[2026-03-08 12:50:07] [INFO] Sent 545 bytes (status 200)
[2026-03-08 12:50:08] [DEBUG] Received 589 bytes from client
[2026-03-08 12:50:08] [INFO] Request from 192.168.1.142:61010 - GET /favicon.ico HTTP/1.1
[2026-03-08 12:50:08] [DEBUG] === Client Request ===
[2026-03-08 12:50:08] [DEBUG] GET /favicon.ico HTTP/1.1
[2026-03-08 12:50:08] [DEBUG] Host: 192.168.1.2
[2026-03-08 12:50:08] [DEBUG] Connection: keep-alive
[2026-03-08 12:50:08] [DEBUG] ETag: 0
[2026-03-08 12:50:08] [DEBUG] Range: 0 (start=0, end=-1)
[2026-03-08 12:50:08] [DEBUG] SSL: 1
[2026-03-08 12:50:08] [DEBUG] =====================
[2026-03-08 12:50:08] [INFO] Resolved path: /home/avilo/http_server/webpages/favicon.ico
[2026-03-08 12:50:08] [INFO] Sent 545 bytes (status 200)
[2026-03-08 12:50:08] [DEBUG] Received 674 bytes from client
[2026-03-08 12:50:08] [INFO] Request from 192.168.1.142:61010 - GET /video.html HTTP/1.1
[2026-03-08 12:50:08] [DEBUG] === Client Request ===
[2026-03-08 12:50:08] [DEBUG] GET /video.html HTTP/1.1
[2026-03-08 12:50:08] [DEBUG] Host: 192.168.1.2
[2026-03-08 12:50:08] [DEBUG] Connection: keep-alive
[2026-03-08 12:50:08] [DEBUG] ETag: 0
[2026-03-08 12:50:08] [DEBUG] Range: 0 (start=0, end=-1)
[2026-03-08 12:50:08] [DEBUG] SSL: 1
[2026-03-08 12:50:08] [DEBUG] =====================
[2026-03-08 12:50:08] [INFO] Resolved path: /home/avilo/http_server/webpages/video.html
[2026-03-08 12:50:08] [INFO] Sent 20078 bytes (status 200)
[2026-03-08 12:50:08] [DEBUG] Received 534 bytes from client
[2026-03-08 12:50:08] [INFO] Request from 192.168.1.142:61010 - GET /api/videos HTTP/1.1
[2026-03-08 12:50:08] [DEBUG] === Client Request ===
[2026-03-08 12:50:08] [DEBUG] GET /api/videos HTTP/1.1
[2026-03-08 12:50:08] [DEBUG] Host: 192.168.1.2
[2026-03-08 12:50:08] [DEBUG] Connection: keep-alive
[2026-03-08 12:50:08] [DEBUG] ETag: 0
[2026-03-08 12:50:08] [DEBUG] Range: 0 (start=0, end=-1)
[2026-03-08 12:50:08] [DEBUG] SSL: 1
[2026-03-08 12:50:08] [DEBUG] =====================
[2026-03-08 12:50:08] [INFO] Resolved path: /home/avilo/http_server/webpages/api/videos
[2026-03-08 12:50:08] [INFO] API endpoint detected - /home/avilo/http_server/webpages/api/videos
[2026-03-08 12:50:08] [INFO] Sent 404 Not Found from API response
[2026-03-08 12:50:08] [DEBUG] Received 599 bytes from client
[2026-03-08 12:50:08] [INFO] Request from 192.168.1.142:53935 - GET /favicon.ico HTTP/1.1
[2026-03-08 12:50:08] [DEBUG] === Client Request ===
[2026-03-08 12:50:08] [DEBUG] GET /favicon.ico HTTP/1.1
[2026-03-08 12:50:08] [DEBUG] Host: 192.168.1.2
[2026-03-08 12:50:08] [DEBUG] Connection: keep-alive
[2026-03-08 12:50:08] [DEBUG] ETag: 0
[2026-03-08 12:50:08] [DEBUG] Range: 0 (start=0, end=-1)
[2026-03-08 12:50:08] [DEBUG] SSL: 1
[2026-03-08 12:50:08] [DEBUG] =====================
[2026-03-08 12:50:08] [INFO] Resolved path: /home/avilo/http_server/webpages/favicon.ico
[2026-03-08 12:50:08] [INFO] Sent 545 bytes (status 200)
[2026-03-08 12:50:11] [DEBUG] Received 589 bytes from client
[2026-03-08 12:50:11] [INFO] Request from 192.168.1.142:53935 - GET /favicon.ico HTTP/1.1
[2026-03-08 12:50:11] [DEBUG] === Client Request ===
[2026-03-08 12:50:11] [DEBUG] GET /favicon.ico HTTP/1.1
[2026-03-08 12:50:11] [DEBUG] Host: 192.168.1.2
[2026-03-08 12:50:11] [DEBUG] Connection: keep-alive
[2026-03-08 12:50:11] [DEBUG] ETag: 0
[2026-03-08 12:50:11] [DEBUG] Range: 0 (start=0, end=-1)
[2026-03-08 12:50:11] [DEBUG] SSL: 1
[2026-03-08 12:50:11] [DEBUG] =====================
[2026-03-08 12:50:11] [INFO] Resolved path: /home/avilo/http_server/webpages/favicon.ico
[2026-03-08 12:50:11] [INFO] Sent 545 bytes (status 200)
[2026-03-08 12:50:14] [DEBUG] Received 589 bytes from client
[2026-03-08 12:50:14] [INFO] Request from 192.168.1.142:53935 - GET /favicon.ico HTTP/1.1
[2026-03-08 12:50:14] [DEBUG] === Client Request ===
[2026-03-08 12:50:14] [DEBUG] GET /favicon.ico HTTP/1.1
[2026-03-08 12:50:14] [DEBUG] Host: 192.168.1.2
[2026-03-08 12:50:14] [DEBUG] Connection: keep-alive
[2026-03-08 12:50:14] [DEBUG] ETag: 0
[2026-03-08 12:50:14] [DEBUG] Range: 0 (start=0, end=-1)
[2026-03-08 12:50:14] [DEBUG] SSL: 1
[2026-03-08 12:50:14] [DEBUG] =====================
[2026-03-08 12:50:14] [INFO] Resolved path: /home/avilo/http_server/webpages/favicon.ico
[2026-03-08 12:50:14] [INFO] Sent 545 bytes (status 200)
[2026-03-08 12:50:15] [DEBUG] Received 684 bytes from client
[2026-03-08 12:50:15] [INFO] Request from 192.168.1.142:53935 - GET /error_pages/400.html HTTP/1.1
[2026-03-08 12:50:15] [DEBUG] === Client Request ===
[2026-03-08 12:50:15] [DEBUG] GET /error_pages/400.html HTTP/1.1
[2026-03-08 12:50:15] [DEBUG] Host: 192.168.1.2
[2026-03-08 12:50:15] [DEBUG] Connection: keep-alive
[2026-03-08 12:50:15] [DEBUG] ETag: 0
[2026-03-08 12:50:15] [DEBUG] Range: 0 (start=0, end=-1)
[2026-03-08 12:50:15] [DEBUG] SSL: 1
[2026-03-08 12:50:15] [DEBUG] =====================
[2026-03-08 12:50:15] [INFO] Resolved path: /home/avilo/http_server/webpages/error_pages/400.html
[2026-03-08 12:50:15] [INFO] Sent 1270 bytes (status 200)
[2026-03-08 12:50:15] [DEBUG] Received 609 bytes from client
[2026-03-08 12:50:15] [INFO] Request from 192.168.1.142:53935 - GET /favicon.ico HTTP/1.1
[2026-03-08 12:50:15] [DEBUG] === Client Request ===
[2026-03-08 12:50:15] [DEBUG] GET /favicon.ico HTTP/1.1
[2026-03-08 12:50:15] [DEBUG] Host: 192.168.1.2
[2026-03-08 12:50:15] [DEBUG] Connection: keep-alive
[2026-03-08 12:50:15] [DEBUG] ETag: 0
[2026-03-08 12:50:15] [DEBUG] Range: 0 (start=0, end=-1)
[2026-03-08 12:50:15] [DEBUG] SSL: 1
[2026-03-08 12:50:15] [DEBUG] =====================
[2026-03-08 12:50:15] [INFO] Resolved path: /home/avilo/http_server/webpages/favicon.ico
[2026-03-08 12:50:15] [INFO] Sent 545 bytes (status 200)
[2026-03-08 12:50:16] [DEBUG] Received 589 bytes from client
[2026-03-08 12:50:16] [INFO] Request from 192.168.1.142:53935 - GET /favicon.ico HTTP/1.1
[2026-03-08 12:50:16] [DEBUG] === Client Request ===
[2026-03-08 12:50:16] [DEBUG] GET /favicon.ico HTTP/1.1
[2026-03-08 12:50:16] [DEBUG] Host: 192.168.1.2
[2026-03-08 12:50:16] [DEBUG] Connection: keep-alive
[2026-03-08 12:50:16] [DEBUG] ETag: 0
[2026-03-08 12:50:16] [DEBUG] Range: 0 (start=0, end=-1)
[2026-03-08 12:50:16] [DEBUG] SSL: 1
[2026-03-08 12:50:16] [DEBUG] =====================
[2026-03-08 12:50:16] [INFO] Resolved path: /home/avilo/http_server/webpages/favicon.ico
[2026-03-08 12:50:16] [INFO] Sent 545 bytes (status 200)
[2026-03-08 12:50:19] [DEBUG] Received 630 bytes from client
[2026-03-08 12:50:19] [INFO] Request from 192.168.1.142:53935 - GET /fewf HTTP/1.1
[2026-03-08 12:50:19] [DEBUG] === Client Request ===
[2026-03-08 12:50:19] [DEBUG] GET /fewf HTTP/1.1
[2026-03-08 12:50:19] [DEBUG] Host: 192.168.1.2
[2026-03-08 12:50:19] [DEBUG] Connection: keep-alive
[2026-03-08 12:50:19] [DEBUG] ETag: 0
[2026-03-08 12:50:19] [DEBUG] Range: 0 (start=0, end=-1)
[2026-03-08 12:50:19] [DEBUG] SSL: 1
[2026-03-08 12:50:19] [DEBUG] =====================
[2026-03-08 12:50:19] [INFO] Resolved path: /home/avilo/http_server/webpages/fewf
[2026-03-08 12:50:19] [WARN] File not found: /home/avilo/http_server/webpages/fewf
[2026-03-08 12:50:19] [INFO] Sent error 404 to client
[2026-03-08 12:50:19] [DEBUG] Received 593 bytes from client
[2026-03-08 12:50:19] [INFO] Request from 192.168.1.142:63640 - GET /favicon.ico HTTP/1.1
[2026-03-08 12:50:19] [DEBUG] === Client Request ===
[2026-03-08 12:50:19] [DEBUG] GET /favicon.ico HTTP/1.1
[2026-03-08 12:50:19] [DEBUG] Host: 192.168.1.2
[2026-03-08 12:50:19] [DEBUG] Connection: keep-alive
[2026-03-08 12:50:19] [DEBUG] ETag: 0
[2026-03-08 12:50:19] [DEBUG] Range: 0 (start=0, end=-1)
[2026-03-08 12:50:19] [DEBUG] SSL: 1
[2026-03-08 12:50:19] [DEBUG] =====================
[2026-03-08 12:50:19] [INFO] Resolved path: /home/avilo/http_server/webpages/favicon.ico
[2026-03-08 12:50:19] [INFO] Sent 545 bytes (status 200)
[2026-03-08 12:50:50] [INFO] Keep-alive idle timeout, closing connection
[2026-03-08 12:51:06] [INFO] Server shutdown initiated
[2026-03-08 12:51:06] [INFO] Database closed
[2026-03-08 12:51:06] [INFO] Server shutdown complete
[2026-03-08 12:51:07] [INFO] Server starting - PID: 45563
[2026-03-08 12:51:07] [INFO] libsodium initialized successfully
[2026-03-08 12:51:07] [INFO] Database initialized successfully
[2026-03-08 12:51:07] [INFO] Initializing cache tree for: /home/avilo/http_server
[2026-03-08 12:51:07] [INFO] Server initialized successfully
[2026-03-08 12:51:19] [INFO] New HTTPS connection from 192.168.1.142:50881
[2026-03-08 12:51:19] [ERROR] SSL handshake failed
[2026-03-08 12:51:19] [INFO] New HTTPS connection from 192.168.1.142:57549
[2026-03-08 12:51:19] [DEBUG] SSL handshake successful
[2026-03-08 12:51:19] [DEBUG] Received 626 bytes from client
[2026-03-08 12:51:19] [INFO] Request from 192.168.1.142:57549 - GET / HTTP/1.1
[2026-03-08 12:51:19] [DEBUG] === Client Request ===
[2026-03-08 12:51:19] [DEBUG] GET / HTTP/1.1
[2026-03-08 12:51:19] [DEBUG] Host: 192.168.1.2
[2026-03-08 12:51:19] [DEBUG] Connection: keep-alive
[2026-03-08 12:51:19] [DEBUG] ETag: 0
[2026-03-08 12:51:19] [DEBUG] Range: 0 (start=0, end=-1)
[2026-03-08 12:51:19] [DEBUG] SSL: 1
[2026-03-08 12:51:19] [DEBUG] =====================
[2026-03-08 12:51:19] [INFO] Resolved path: /home/avilo/http_server/webpages/landing.html
[2026-03-08 12:51:19] [INFO] Sent 1228 bytes (status 200)
[2026-03-08 12:51:19] [DEBUG] Received 589 bytes from client
[2026-03-08 12:51:19] [INFO] Request from 192.168.1.142:57549 - GET /favicon.ico HTTP/1.1
[2026-03-08 12:51:19] [DEBUG] === Client Request ===
[2026-03-08 12:51:19] [DEBUG] GET /favicon.ico HTTP/1.1
[2026-03-08 12:51:19] [DEBUG] Host: 192.168.1.2
[2026-03-08 12:51:19] [DEBUG] Connection: keep-alive
[2026-03-08 12:51:19] [DEBUG] ETag: 0
[2026-03-08 12:51:19] [DEBUG] Range: 0 (start=0, end=-1)
[2026-03-08 12:51:19] [DEBUG] SSL: 1
[2026-03-08 12:51:19] [DEBUG] =====================
[2026-03-08 12:51:19] [INFO] Resolved path: /home/avilo/http_server/webpages/favicon.ico
[2026-03-08 12:51:19] [INFO] Sent 545 bytes (status 200)
[2026-03-08 12:51:22] [DEBUG] Received 677 bytes from client
[2026-03-08 12:51:22] [INFO] Request from 192.168.1.142:57549 - GET /capybara.html HTTP/1.1
[2026-03-08 12:51:22] [DEBUG] === Client Request ===
[2026-03-08 12:51:22] [DEBUG] GET /capybara.html HTTP/1.1
[2026-03-08 12:51:22] [DEBUG] Host: 192.168.1.2
[2026-03-08 12:51:22] [DEBUG] Connection: keep-alive
[2026-03-08 12:51:22] [DEBUG] ETag: 0
[2026-03-08 12:51:22] [DEBUG] Range: 0 (start=0, end=-1)
[2026-03-08 12:51:22] [DEBUG] SSL: 1
[2026-03-08 12:51:22] [DEBUG] =====================
[2026-03-08 12:51:22] [INFO] Resolved path: /home/avilo/http_server/webpages/capybara.html
[2026-03-08 12:51:22] [INFO] Sent 1841 bytes (status 200)
[2026-03-08 12:51:24] [DEBUG] Received 602 bytes from client
[2026-03-08 12:51:24] [INFO] Request from 192.168.1.142:57549 - GET /favicon.ico HTTP/1.1
[2026-03-08 12:51:24] [DEBUG] === Client Request ===
[2026-03-08 12:51:24] [DEBUG] GET /favicon.ico HTTP/1.1
[2026-03-08 12:51:24] [DEBUG] Host: 192.168.1.2
[2026-03-08 12:51:24] [DEBUG] Connection: keep-alive
[2026-03-08 12:51:24] [DEBUG] ETag: 0
[2026-03-08 12:51:24] [DEBUG] Range: 0 (start=0, end=-1)
[2026-03-08 12:51:24] [DEBUG] SSL: 1
[2026-03-08 12:51:24] [DEBUG] =====================
[2026-03-08 12:51:24] [INFO] Resolved path: /home/avilo/http_server/webpages/favicon.ico
[2026-03-08 12:51:24] [INFO] Sent 545 bytes (status 200)
[2026-03-08 12:51:34] [WARN] Client disconnected or read error
[2026-03-08 12:51:53] [INFO] Server shutdown initiated
[2026-03-08 12:51:53] [INFO] Database closed
[2026-03-08 12:51:53] [INFO] Server shutdown complete
[2026-03-08 12:51:57] [INFO] Server starting - PID: 45729
[2026-03-08 12:51:57] [INFO] libsodium initialized successfully
[2026-03-08 12:51:57] [INFO] Database initialized successfully
[2026-03-08 12:51:57] [INFO] Initializing cache tree for: /home/avilo/http_server
[2026-03-08 12:51:57] [INFO] Server initialized successfully
[2026-03-08 12:52:05] [INFO] New HTTPS connection from 192.168.1.142:54144
[2026-03-08 12:52:05] [INFO] New HTTPS connection from 192.168.1.142:50752
[2026-03-08 12:52:05] [DEBUG] SSL handshake successful
[2026-03-08 12:52:05] [DEBUG] Received 626 bytes from client
[2026-03-08 12:52:05] [INFO] Request from 192.168.1.142:50752 - GET / HTTP/1.1
[2026-03-08 12:52:05] [DEBUG] === Client Request ===
[2026-03-08 12:52:05] [DEBUG] GET / HTTP/1.1
[2026-03-08 12:52:05] [DEBUG] Host: 192.168.1.2
[2026-03-08 12:52:05] [DEBUG] Connection: keep-alive
[2026-03-08 12:52:05] [DEBUG] ETag: 0
[2026-03-08 12:52:05] [DEBUG] Range: 0 (start=0, end=-1)
[2026-03-08 12:52:05] [DEBUG] SSL: 1
[2026-03-08 12:52:05] [DEBUG] =====================
[2026-03-08 12:52:05] [INFO] Resolved path: /home/avilo/http_server/webpages/landing.html
[2026-03-08 12:52:05] [INFO] Sent 1228 bytes (status 200)
[2026-03-08 12:52:05] [DEBUG] Received 589 bytes from client
[2026-03-08 12:52:05] [INFO] Request from 192.168.1.142:50752 - GET /favicon.ico HTTP/1.1
[2026-03-08 12:52:05] [DEBUG] === Client Request ===
[2026-03-08 12:52:05] [DEBUG] GET /favicon.ico HTTP/1.1
[2026-03-08 12:52:05] [DEBUG] Host: 192.168.1.2
[2026-03-08 12:52:05] [DEBUG] Connection: keep-alive
[2026-03-08 12:52:05] [DEBUG] ETag: 0
[2026-03-08 12:52:05] [DEBUG] Range: 0 (start=0, end=-1)
[2026-03-08 12:52:05] [DEBUG] SSL: 1
[2026-03-08 12:52:05] [DEBUG] =====================
[2026-03-08 12:52:05] [INFO] Resolved path: /home/avilo/http_server/webpages/favicon.ico
[2026-03-08 12:52:05] [INFO] Sent 545 bytes (status 200)
[2026-03-08 12:52:11] [DEBUG] Received 674 bytes from client
[2026-03-08 12:52:11] [INFO] Request from 192.168.1.142:50752 - GET /video.html HTTP/1.1
[2026-03-08 12:52:11] [DEBUG] === Client Request ===
[2026-03-08 12:52:11] [DEBUG] GET /video.html HTTP/1.1
[2026-03-08 12:52:11] [DEBUG] Host: 192.168.1.2
[2026-03-08 12:52:11] [DEBUG] Connection: keep-alive
[2026-03-08 12:52:11] [DEBUG] ETag: 0
[2026-03-08 12:52:11] [DEBUG] Range: 0 (start=0, end=-1)
[2026-03-08 12:52:11] [DEBUG] SSL: 1
[2026-03-08 12:52:11] [DEBUG] =====================
[2026-03-08 12:52:11] [INFO] Resolved path: /home/avilo/http_server/webpages/video.html
[2026-03-08 12:52:11] [INFO] Sent 20078 bytes (status 200)
[2026-03-08 12:52:11] [DEBUG] Received 534 bytes from client
[2026-03-08 12:52:11] [INFO] Request from 192.168.1.142:50752 - GET /api/videos HTTP/1.1
[2026-03-08 12:52:11] [DEBUG] === Client Request ===
[2026-03-08 12:52:11] [DEBUG] GET /api/videos HTTP/1.1
[2026-03-08 12:52:11] [DEBUG] Host: 192.168.1.2
[2026-03-08 12:52:11] [DEBUG] Connection: keep-alive
[2026-03-08 12:52:11] [DEBUG] ETag: 0
[2026-03-08 12:52:11] [DEBUG] Range: 0 (start=0, end=-1)
[2026-03-08 12:52:11] [DEBUG] SSL: 1
[2026-03-08 12:52:11] [DEBUG] =====================
[2026-03-08 12:52:11] [INFO] Resolved path: /home/avilo/http_server/webpages/api/videos
[2026-03-08 12:52:11] [INFO] API endpoint detected - /home/avilo/http_server/webpages/api/videos
[2026-03-08 12:52:11] [INFO] Sent 404 Not Found from API response
[2026-03-08 12:52:11] [INFO] New HTTPS connection from 192.168.1.142:58385
[2026-03-08 12:52:11] [INFO] New HTTPS connection from 192.168.1.142:57043
[2026-03-08 12:52:11] [DEBUG] SSL handshake successful
[2026-03-08 12:52:11] [DEBUG] Received 599 bytes from client
[2026-03-08 12:52:11] [INFO] Request from 192.168.1.142:57043 - GET /favicon.ico HTTP/1.1
[2026-03-08 12:52:11] [DEBUG] === Client Request ===
[2026-03-08 12:52:11] [DEBUG] GET /favicon.ico HTTP/1.1
[2026-03-08 12:52:11] [DEBUG] Host: 192.168.1.2
[2026-03-08 12:52:11] [DEBUG] Connection: keep-alive
[2026-03-08 12:52:11] [DEBUG] ETag: 0
[2026-03-08 12:52:11] [DEBUG] Range: 0 (start=0, end=-1)
[2026-03-08 12:52:11] [DEBUG] SSL: 1
[2026-03-08 12:52:11] [DEBUG] =====================
[2026-03-08 12:52:11] [INFO] Resolved path: /home/avilo/http_server/webpages/favicon.ico
[2026-03-08 12:52:11] [INFO] Sent 545 bytes (status 200)
[2026-03-08 12:52:14] [DEBUG] Received 589 bytes from client
[2026-03-08 12:52:14] [INFO] Request from 192.168.1.142:57043 - GET /favicon.ico HTTP/1.1
[2026-03-08 12:52:14] [DEBUG] === Client Request ===
[2026-03-08 12:52:14] [DEBUG] GET /favicon.ico HTTP/1.1
[2026-03-08 12:52:14] [DEBUG] Host: 192.168.1.2
[2026-03-08 12:52:14] [DEBUG] Connection: keep-alive
[2026-03-08 12:52:14] [DEBUG] ETag: 0
[2026-03-08 12:52:14] [DEBUG] Range: 0 (start=0, end=-1)
[2026-03-08 12:52:14] [DEBUG] SSL: 1
[2026-03-08 12:52:14] [DEBUG] =====================
[2026-03-08 12:52:14] [INFO] Resolved path: /home/avilo/http_server/webpages/favicon.ico
[2026-03-08 12:52:14] [INFO] Sent 545 bytes (status 200)
[2026-03-08 12:52:14] [DEBUG] Received 684 bytes from client
[2026-03-08 12:52:14] [INFO] Request from 192.168.1.142:57043 - GET /tictactoe/index.html HTTP/1.1
[2026-03-08 12:52:14] [DEBUG] === Client Request ===
[2026-03-08 12:52:14] [DEBUG] GET /tictactoe/index.html HTTP/1.1
[2026-03-08 12:52:14] [DEBUG] Host: 192.168.1.2
[2026-03-08 12:52:14] [DEBUG] Connection: keep-alive
[2026-03-08 12:52:14] [DEBUG] ETag: 0
[2026-03-08 12:52:14] [DEBUG] Range: 0 (start=0, end=-1)
[2026-03-08 12:52:14] [DEBUG] SSL: 1
[2026-03-08 12:52:14] [DEBUG] =====================
[2026-03-08 12:52:14] [INFO] Resolved path: /home/avilo/http_server/webpages/tictactoe/index.html
[2026-03-08 12:52:14] [INFO] Sent 2131 bytes (status 200)
[2026-03-08 12:52:14] [DEBUG] Received 571 bytes from client
[2026-03-08 12:52:14] [INFO] Request from 192.168.1.142:57043 - GET /tictactoe/bulma.css HTTP/1.1
[2026-03-08 12:52:14] [DEBUG] === Client Request ===
[2026-03-08 12:52:14] [DEBUG] GET /tictactoe/bulma.css HTTP/1.1
[2026-03-08 12:52:14] [DEBUG] Host: 192.168.1.2
[2026-03-08 12:52:14] [DEBUG] Connection: keep-alive
[2026-03-08 12:52:14] [DEBUG] ETag: 0
[2026-03-08 12:52:14] [DEBUG] Range: 0 (start=0, end=-1)
[2026-03-08 12:52:14] [DEBUG] SSL: 1
[2026-03-08 12:52:14] [DEBUG] =====================
[2026-03-08 12:52:14] [INFO] Resolved path: /home/avilo/http_server/webpages/tictactoe/bulma.css
[2026-03-08 12:52:14] [INFO] New HTTPS connection from 192.168.1.142:50414
[2026-03-08 12:52:14] [INFO] New HTTPS connection from 192.168.1.142:58481
[2026-03-08 12:52:14] [INFO] Sent 763188 bytes (status 200)
[2026-03-08 12:52:15] [INFO] New HTTPS connection from 192.168.1.142:55217
[2026-03-08 12:52:15] [DEBUG] SSL handshake successful
[2026-03-08 12:52:15] [INFO] New HTTPS connection from 192.168.1.142:63270
[2026-03-08 12:52:15] [DEBUG] Received 571 bytes from client
[2026-03-08 12:52:15] [INFO] Request from 192.168.1.142:55217 - GET /tictactoe/style.css HTTP/1.1
[2026-03-08 12:52:15] [DEBUG] === Client Request ===
[2026-03-08 12:52:15] [DEBUG] GET /tictactoe/style.css HTTP/1.1
[2026-03-08 12:52:15] [DEBUG] Host: 192.168.1.2
[2026-03-08 12:52:15] [DEBUG] Connection: keep-alive
[2026-03-08 12:52:15] [DEBUG] ETag: 0
[2026-03-08 12:52:15] [DEBUG] Range: 0 (start=0, end=-1)
[2026-03-08 12:52:15] [DEBUG] SSL: 1
[2026-03-08 12:52:15] [DEBUG] =====================
[2026-03-08 12:52:15] [INFO] Resolved path: /home/avilo/http_server/webpages/tictactoe/style.css
[2026-03-08 12:52:15] [INFO] Sent 1225 bytes (status 200)
[2026-03-08 12:52:15] [DEBUG] Received 560 bytes from client
[2026-03-08 12:52:15] [INFO] Request from 192.168.1.142:57043 - GET /tictactoe/tictactoe.js HTTP/1.1
[2026-03-08 12:52:15] [DEBUG] === Client Request ===
[2026-03-08 12:52:15] [DEBUG] GET /tictactoe/tictactoe.js HTTP/1.1
[2026-03-08 12:52:15] [DEBUG] Host: 192.168.1.2
[2026-03-08 12:52:15] [DEBUG] Connection: keep-alive
[2026-03-08 12:52:15] [DEBUG] ETag: 0
[2026-03-08 12:52:15] [DEBUG] Range: 0 (start=0, end=-1)
[2026-03-08 12:52:15] [DEBUG] SSL: 1
[2026-03-08 12:52:15] [DEBUG] =====================
[2026-03-08 12:52:15] [INFO] Resolved path: /home/avilo/http_server/webpages/tictactoe/tictactoe.js
[2026-03-08 12:52:15] [INFO] Sent 4392 bytes (status 200)
[2026-03-08 12:52:15] [DEBUG] SSL handshake successful
[2026-03-08 12:52:15] [DEBUG] Received 609 bytes from client
[2026-03-08 12:52:15] [INFO] Request from 192.168.1.142:57043 - GET /favicon.ico HTTP/1.1
[2026-03-08 12:52:15] [DEBUG] === Client Request ===
[2026-03-08 12:52:15] [DEBUG] GET /favicon.ico HTTP/1.1
[2026-03-08 12:52:15] [DEBUG] Host: 192.168.1.2
[2026-03-08 12:52:15] [DEBUG] Connection: keep-alive
[2026-03-08 12:52:15] [DEBUG] ETag: 0
[2026-03-08 12:52:15] [DEBUG] Range: 0 (start=0, end=-1)
[2026-03-08 12:52:15] [DEBUG] SSL: 1
[2026-03-08 12:52:15] [DEBUG] =====================
[2026-03-08 12:52:15] [INFO] Resolved path: /home/avilo/http_server/webpages/favicon.ico
[2026-03-08 12:52:15] [INFO] Sent 545 bytes (status 200)
[2026-03-08 12:52:17] [WARN] Client disconnected or read error
[2026-03-08 12:52:17] [WARN] Client disconnected or read error
[2026-03-08 12:52:17] [WARN] Client disconnected or read error
[2026-03-08 12:52:22] [INFO] Server shutdown initiated
[2026-03-08 12:52:22] [INFO] Database closed
[2026-03-08 12:52:22] [INFO] Server shutdown complete
